WARNING: Score not provided for Item TA-FIXES. Score set to zero.
WARNING: Score not provided for Item TA-RELEASES. Score set to zero.
WARNING: Score not provided for Item TA-CONFIDENCE. Score set to zero.
WARNING: Score not provided for Item TA-CONSTRAINTS. Score set to zero.
WARNING: Score not provided for Item TA-INPUTS. Score set to zero.
WARNING: Score not provided for Item TA-VALIDATION. Score set to zero.
WARNING: Score not provided for Item TA-SUPPLY_CHAIN. Score set to zero.
WARNING: Score not provided for Item TA-ANALYSIS. Score set to zero.
WARNING: Score not provided for Item TA-TESTS. Score set to zero.
WARNING: Score not provided for Item TA-ITERATIONS. Score set to zero.
WARNING: Score not provided for Item TA-METHODOLOGIES. Score set to zero.
WARNING: Score not provided for Item TA-MISBEHAVIOURS. Score set to zero.
WARNING: Score not provided for Item TA-BEHAVIOURS. Score set to zero.
WARNING: Score not provided for Item TA-DATA. Score set to zero.
WARNING: Score not provided for Item TA-UPDATES. Score set to zero.
Cleaned: ./docs/s-core/trustable/generated/AOU.md
Cleaned: ./docs/s-core/trustable/generated/TA.md
Cleaned: ./docs/s-core/trustable/generated/JLS.md
Cleaned: ./docs/s-core/trustable/generated/PJD.md
Cleaned: ./docs/s-core/trustable/generated/JLEX.md
Cleaned: ./docs/s-core/trustable/generated/trustable_report_for_Software.md
Cleaned: ./docs/s-core/trustable/generated/TT.md
Cleaned: ./docs/s-core/trustable/generated/TRUSTABLE.md
Cleaned: ./docs/s-core/trustable/generated/NJF.md
Cleaned: ./docs/s-core/trustable/generated/WFJ.md
Computing main repo mapping: 
Loading: 
Loading: 0 packages loaded
Analyzing: target //docs:incremental (0 packages loaded, 0 targets configured)
Analyzing: target //docs:incremental (0 packages loaded, 0 targets configured)

Analyzing: target //docs:incremental (221 packages loaded, 2185 targets configured)

Analyzing: target //docs:incremental (221 packages loaded, 2185 targets configured)

Analyzing: target //docs:incremental (221 packages loaded, 2185 targets configured)

Analyzing: target //docs:incremental (221 packages loaded, 2185 targets configured)

Analyzing: target //docs:incremental (221 packages loaded, 2185 targets configured)

Analyzing: target //docs:incremental (221 packages loaded, 2185 targets configured)

Analyzing: target //docs:incremental (221 packages loaded, 2185 targets configured)

Analyzing: target //docs:incremental (221 packages loaded, 2185 targets configured)

Analyzing: target //docs:incremental (221 packages loaded, 2185 targets configured)

Analyzing: target //docs:incremental (221 packages loaded, 2185 targets configured)

Analyzing: target //docs:incremental (221 packages loaded, 2185 targets configured)

Analyzing: target //docs:incremental (221 packages loaded, 2185 targets configured)

Analyzing: target //docs:incremental (221 packages loaded, 2185 targets configured)

Analyzing: target //docs:incremental (221 packages loaded, 2185 targets configured)

Analyzing: target //docs:incremental (221 packages loaded, 2185 targets configured)

Analyzing: target //docs:incremental (221 packages loaded, 2185 targets configured)

Analyzing: target //docs:incremental (221 packages loaded, 2185 targets configured)

Analyzing: target //docs:incremental (221 packages loaded, 2185 targets configured)

Analyzing: target //docs:incremental (221 packages loaded, 2185 targets configured)

Analyzing: target //docs:incremental (221 packages loaded, 2185 targets configured)

Analyzing: target //docs:incremental (221 packages loaded, 2185 targets configured)

Analyzing: target //docs:incremental (221 packages loaded, 2185 targets configured)

Analyzing: target //docs:incremental (221 packages loaded, 2185 targets configured)

Analyzing: target //docs:incremental (221 packages loaded, 2185 targets configured)

Analyzing: target //docs:incremental (221 packages loaded, 2185 targets configured)

Analyzing: target //docs:incremental (221 packages loaded, 2185 targets configured)

Analyzing: target //docs:incremental (221 packages loaded, 2185 targets configured)

Analyzing: target //docs:incremental (221 packages loaded, 2185 targets configured)

Analyzing: target //docs:incremental (221 packages loaded, 2185 targets configured)

Analyzing: target //docs:incremental (221 packages loaded, 2185 targets configured)

Analyzing: target //docs:incremental (221 packages loaded, 2185 targets configured)

Analyzing: target //docs:incremental (221 packages loaded, 2185 targets configured)

Analyzing: target //docs:incremental (221 packages loaded, 2185 targets configured)

Analyzing: target //docs:incremental (221 packages loaded, 2185 targets configured)

Analyzing: target //docs:incremental (221 packages loaded, 2185 targets configured)

Analyzing: target //docs:incremental (221 packages loaded, 2185 targets configured)

Analyzing: target //docs:incremental (221 packages loaded, 2185 targets configured)

Analyzing: target //docs:incremental (221 packages loaded, 2185 targets configured)

Analyzing: target //docs:incremental (221 packages loaded, 2185 targets configured)

Analyzing: target //docs:incremental (221 packages loaded, 2185 targets configured)

Analyzing: target //docs:incremental (221 packages loaded, 2185 targets configured)

Analyzing: target //docs:incremental (221 packages loaded, 2185 targets configured)

Analyzing: target //docs:incremental (221 packages loaded, 2185 targets configured)

Analyzing: target //docs:incremental (221 packages loaded, 2185 targets configured)

Analyzing: target //docs:incremental (221 packages loaded, 2185 targets configured)

Analyzing: target //docs:incremental (221 packages loaded, 2185 targets configured)

Analyzing: target //docs:incremental (221 packages loaded, 2185 targets configured)

Analyzing: target //docs:incremental (221 packages loaded, 2185 targets configured)

Analyzing: target //docs:incremental (221 packages loaded, 2185 targets configured)

Analyzing: target //docs:incremental (221 packages loaded, 2185 targets configured)

Analyzing: target //docs:incremental (221 packages loaded, 2185 targets configured)

Analyzing: target //docs:incremental (221 packages loaded, 2185 targets configured)

Analyzing: target //docs:incremental (221 packages loaded, 2185 targets configured)

Analyzing: target //docs:incremental (221 packages loaded, 2185 targets configured)

Analyzing: target //docs:incremental (221 packages loaded, 2185 targets configured)

Analyzing: target //docs:incremental (221 packages loaded, 2185 targets configured)

Analyzing: target //docs:incremental (221 packages loaded, 2185 targets configured)

Analyzing: target //docs:incremental (221 packages loaded, 2185 targets configured)

Analyzing: target //docs:incremental (221 packages loaded, 2185 targets configured)

Analyzing: target //docs:incremental (221 packages loaded, 2185 targets configured)

Analyzing: target //docs:incremental (221 packages loaded, 2185 targets configured)

Analyzing: target //docs:incremental (221 packages loaded, 2185 targets configured)

Analyzing: target //docs:incremental (221 packages loaded, 2185 targets configured)

Analyzing: target //docs:incremental (221 packages loaded, 2185 targets configured)

Analyzing: target //docs:incremental (221 packages loaded, 2185 targets configured)

Analyzing: target //docs:incremental (221 packages loaded, 2185 targets configured)

Analyzing: target //docs:incremental (221 packages loaded, 2185 targets configured)

Analyzing: target //docs:incremental (221 packages loaded, 2185 targets configured)

Analyzing: target //docs:incremental (221 packages loaded, 2185 targets configured)

Analyzing: target //docs:incremental (221 packages loaded, 2185 targets configured)

Analyzing: target //docs:incremental (221 packages loaded, 2185 targets configured)

Analyzing: target //docs:incremental (221 packages loaded, 2185 targets configured)

Analyzing: target //docs:incremental (221 packages loaded, 2185 targets configured)

Analyzing: target //docs:incremental (221 packages loaded, 2185 targets configured)

Analyzing: target //docs:incremental (221 packages loaded, 2185 targets configured)

Analyzing: target //docs:incremental (221 packages loaded, 2185 targets configured)

Analyzing: target //docs:incremental (221 packages loaded, 2185 targets configured)

Analyzing: target //docs:incremental (221 packages loaded, 2185 targets configured)

Analyzing: target //docs:incremental (221 packages loaded, 2185 targets configured)

Analyzing: target //docs:incremental (221 packages loaded, 2185 targets configured)

Analyzing: target //docs:incremental (221 packages loaded, 2185 targets configured)

Analyzing: target //docs:incremental (221 packages loaded, 2185 targets configured)

Analyzing: target //docs:incremental (221 packages loaded, 2185 targets configured)

Analyzing: target //docs:incremental (221 packages loaded, 2185 targets configured)

Analyzing: target //docs:incremental (221 packages loaded, 2185 targets configured)

Analyzing: target //docs:incremental (221 packages loaded, 2185 targets configured)

Analyzing: target //docs:incremental (221 packages loaded, 2185 targets configured)

Analyzing: target //docs:incremental (221 packages loaded, 2185 targets configured)

Analyzing: target //docs:incremental (221 packages loaded, 2185 targets configured)

Analyzing: target //docs:incremental (221 packages loaded, 2185 targets configured)

Analyzing: target //docs:incremental (221 packages loaded, 2185 targets configured)

Analyzing: target //docs:incremental (221 packages loaded, 2185 targets configured)

Analyzing: target //docs:incremental (221 packages loaded, 2185 targets configured)

Analyzing: target //docs:incremental (221 packages loaded, 2185 targets configured)

Analyzing: target //docs:incremental (221 packages loaded, 2185 targets configured)

Analyzing: target //docs:incremental (221 packages loaded, 2185 targets configured)

Analyzing: target //docs:incremental (221 packages loaded, 2185 targets configured)

Analyzing: target //docs:incremental (221 packages loaded, 2185 targets configured)

Analyzing: target //docs:incremental (221 packages loaded, 2185 targets configured)

Analyzing: target //docs:incremental (221 packages loaded, 2185 targets configured)

Analyzing: target //docs:incremental (221 packages loaded, 2185 targets configured)

Analyzing: target //docs:incremental (221 packages loaded, 2185 targets configured)

Analyzing: target //docs:incremental (221 packages loaded, 2185 targets configured)

Analyzing: target //docs:incremental (221 packages loaded, 2185 targets configured)

Analyzing: target //docs:incremental (221 packages loaded, 2185 targets configured)

Analyzing: target //docs:incremental (221 packages loaded, 2185 targets configured)

Analyzing: target //docs:incremental (221 packages loaded, 2185 targets configured)

Analyzing: target //docs:incremental (221 packages loaded, 2185 targets configured)

Analyzing: target //docs:incremental (221 packages loaded, 2185 targets configured)

Analyzing: target //docs:incremental (221 packages loaded, 2185 targets configured)

Analyzing: target //docs:incremental (221 packages loaded, 2185 targets configured)

Analyzing: target //docs:incremental (221 packages loaded, 2185 targets configured)

Analyzing: target //docs:incremental (221 packages loaded, 2185 targets configured)

Analyzing: target //docs:incremental (221 packages loaded, 2185 targets configured)

Analyzing: target //docs:incremental (221 packages loaded, 2185 targets configured)

Analyzing: target //docs:incremental (221 packages loaded, 2185 targets configured)

Analyzing: target //docs:incremental (221 packages loaded, 2185 targets configured)

Analyzing: target //docs:incremental (221 packages loaded, 2185 targets configured)

Analyzing: target //docs:incremental (221 packages loaded, 2185 targets configured)

Analyzing: target //docs:incremental (221 packages loaded, 2185 targets configured)

Analyzing: target //docs:incremental (221 packages loaded, 2185 targets configured)

Analyzing: target //docs:incremental (221 packages loaded, 2185 targets configured)

Analyzing: target //docs:incremental (221 packages loaded, 2185 targets configured)

Analyzing: target //docs:incremental (221 packages loaded, 2185 targets configured)

Analyzing: target //docs:incremental (221 packages loaded, 2185 targets configured)

Analyzing: target //docs:incremental (221 packages loaded, 2185 targets configured)

Analyzing: target //docs:incremental (221 packages loaded, 2185 targets configured)

Analyzing: target //docs:incremental (221 packages loaded, 2185 targets configured)

Analyzing: target //docs:incremental (221 packages loaded, 2185 targets configured)

Analyzing: target //docs:incremental (221 packages loaded, 2185 targets configured)

Analyzing: target //docs:incremental (221 packages loaded, 2185 targets configured)

Analyzing: target //docs:incremental (221 packages loaded, 2185 targets configured)

Analyzing: target //docs:incremental (221 packages loaded, 2185 targets configured)

Analyzing: target //docs:incremental (221 packages loaded, 2185 targets configured)

Analyzing: target //docs:incremental (221 packages loaded, 2185 targets configured)

Analyzing: target //docs:incremental (221 packages loaded, 2185 targets configured)

Analyzing: target //docs:incremental (221 packages loaded, 2185 targets configured)

Analyzing: target //docs:incremental (221 packages loaded, 2185 targets configured)

Analyzing: target //docs:incremental (221 packages loaded, 2185 targets configured)

Analyzing: target //docs:incremental (221 packages loaded, 2185 targets configured)

Analyzing: target //docs:incremental (221 packages loaded, 2185 targets configured)

Analyzing: target //docs:incremental (221 packages loaded, 2185 targets configured)

Analyzing: target //docs:incremental (221 packages loaded, 2185 targets configured)

Analyzing: target //docs:incremental (221 packages loaded, 2185 targets configured)

Analyzing: target //docs:incremental (221 packages loaded, 2185 targets configured)

Analyzing: target //docs:incremental (221 packages loaded, 2185 targets configured)

Analyzing: target //docs:incremental (221 packages loaded, 2185 targets configured)

Analyzing: target //docs:incremental (221 packages loaded, 2185 targets configured)

Analyzing: target //docs:incremental (221 packages loaded, 2185 targets configured)

Analyzing: target //docs:incremental (221 packages loaded, 2185 targets configured)

Analyzing: target //docs:incremental (221 packages loaded, 2185 targets configured)

Analyzing: target //docs:incremental (221 packages loaded, 2185 targets configured)

Analyzing: target //docs:incremental (221 packages loaded, 2185 targets configured)

Analyzing: target //docs:incremental (221 packages loaded, 2185 targets configured)

Analyzing: target //docs:incremental (221 packages loaded, 2185 targets configured)

Analyzing: target //docs:incremental (221 packages loaded, 2185 targets configured)

Analyzing: target //docs:incremental (221 packages loaded, 2185 targets configured)

Analyzing: target //docs:incremental (221 packages loaded, 2185 targets configured)

Analyzing: target //docs:incremental (221 packages loaded, 2185 targets configured)

Analyzing: target //docs:incremental (221 packages loaded, 2185 targets configured)

Analyzing: target //docs:incremental (221 packages loaded, 2185 targets configured)

Analyzing: target //docs:incremental (221 packages loaded, 2185 targets configured)

Analyzing: target //docs:incremental (221 packages loaded, 2185 targets configured)

Analyzing: target //docs:incremental (221 packages loaded, 2185 targets configured)

Analyzing: target //docs:incremental (221 packages loaded, 2185 targets configured)

Analyzing: target //docs:incremental (221 packages loaded, 2185 targets configured)

Analyzing: target //docs:incremental (221 packages loaded, 2185 targets configured)

Analyzing: target //docs:incremental (221 packages loaded, 2185 targets configured)

Analyzing: target //docs:incremental (221 packages loaded, 2185 targets configured)

Analyzing: target //docs:incremental (221 packages loaded, 2185 targets configured)

Analyzing: target //docs:incremental (221 packages loaded, 2185 targets configured)

Analyzing: target //docs:incremental (221 packages loaded, 2185 targets configured)

Analyzing: target //docs:incremental (221 packages loaded, 2185 targets configured)

Analyzing: target //docs:incremental (221 packages loaded, 2185 targets configured)

Analyzing: target //docs:incremental (221 packages loaded, 2185 targets configured)

Analyzing: target //docs:incremental (221 packages loaded, 2185 targets configured)

Analyzing: target //docs:incremental (221 packages loaded, 2185 targets configured)

Analyzing: target //docs:incremental (221 packages loaded, 2185 targets configured)

Analyzing: target //docs:incremental (221 packages loaded, 2185 targets configured)

Analyzing: target //docs:incremental (221 packages loaded, 2185 targets configured)

Analyzing: target //docs:incremental (221 packages loaded, 2185 targets configured)

Analyzing: target //docs:incremental (221 packages loaded, 2185 targets configured)

Analyzing: target //docs:incremental (221 packages loaded, 2185 targets configured)

Analyzing: target //docs:incremental (221 packages loaded, 2185 targets configured)

Analyzing: target //docs:incremental (221 packages loaded, 2185 targets configured)

Analyzing: target //docs:incremental (221 packages loaded, 2185 targets configured)

Analyzing: target //docs:incremental (221 packages loaded, 2185 targets configured)

Analyzing: target //docs:incremental (221 packages loaded, 2185 targets configured)

Analyzing: target //docs:incremental (221 packages loaded, 2185 targets configured)

Analyzing: target //docs:incremental (221 packages loaded, 2185 targets configured)

Analyzing: target //docs:incremental (221 packages loaded, 2185 targets configured)

Analyzing: target //docs:incremental (221 packages loaded, 2185 targets configured)

Analyzing: target //docs:incremental (221 packages loaded, 2185 targets configured)

Analyzing: target //docs:incremental (221 packages loaded, 2185 targets configured)

Analyzing: target //docs:incremental (221 packages loaded, 2185 targets configured)

Analyzing: target //docs:incremental (221 packages loaded, 2185 targets configured)

Analyzing: target //docs:incremental (221 packages loaded, 2185 targets configured)

Analyzing: target //docs:incremental (221 packages loaded, 2185 targets configured)

Analyzing: target //docs:incremental (221 packages loaded, 2185 targets configured)

Analyzing: target //docs:incremental (221 packages loaded, 2185 targets configured)

Analyzing: target //docs:incremental (221 packages loaded, 2185 targets configured)

Analyzing: target //docs:incremental (221 packages loaded, 2185 targets configured)

Analyzing: target //docs:incremental (221 packages loaded, 2185 targets configured)

Analyzing: target //docs:incremental (221 packages loaded, 2185 targets configured)

Analyzing: target //docs:incremental (221 packages loaded, 2185 targets configured)

Analyzing: target //docs:incremental (221 packages loaded, 2185 targets configured)

Analyzing: target //docs:incremental (221 packages loaded, 2185 targets configured)

Analyzing: target //docs:incremental (221 packages loaded, 2185 targets configured)

Analyzing: target //docs:incremental (221 packages loaded, 2185 targets configured)

Analyzing: target //docs:incremental (221 packages loaded, 2185 targets configured)

Analyzing: target //docs:incremental (221 packages loaded, 2185 targets configured)

Analyzing: target //docs:incremental (221 packages loaded, 2185 targets configured)

Analyzing: target //docs:incremental (221 packages loaded, 2185 targets configured)

Analyzing: target //docs:incremental (221 packages loaded, 2185 targets configured)

Analyzing: target //docs:incremental (221 packages loaded, 2185 targets configured)

Analyzing: target //docs:incremental (221 packages loaded, 2185 targets configured)

Analyzing: target //docs:incremental (221 packages loaded, 2185 targets configured)

Analyzing: target //docs:incremental (221 packages loaded, 2185 targets configured)

Analyzing: target //docs:incremental (221 packages loaded, 2185 targets configured)

Analyzing: target //docs:incremental (221 packages loaded, 2185 targets configured)

Analyzing: target //docs:incremental (221 packages loaded, 2185 targets configured)

Analyzing: target //docs:incremental (221 packages loaded, 2185 targets configured)

Analyzing: target //docs:incremental (221 packages loaded, 2185 targets configured)

Analyzing: target //docs:incremental (221 packages loaded, 2185 targets configured)

Analyzing: target //docs:incremental (221 packages loaded, 2185 targets configured)

Analyzing: target //docs:incremental (221 packages loaded, 2185 targets configured)

Analyzing: target //docs:incremental (221 packages loaded, 2185 targets configured)

Analyzing: target //docs:incremental (221 packages loaded, 2185 targets configured)

Analyzing: target //docs:incremental (221 packages loaded, 2185 targets configured)

Analyzing: target //docs:incremental (221 packages loaded, 2185 targets configured)

Analyzing: target //docs:incremental (221 packages loaded, 2185 targets configured)

Analyzing: target //docs:incremental (221 packages loaded, 2185 targets configured)

Analyzing: target //docs:incremental (221 packages loaded, 2185 targets configured)

Analyzing: target //docs:incremental (221 packages loaded, 2185 targets configured)

Analyzing: target //docs:incremental (221 packages loaded, 2185 targets configured)

Analyzing: target //docs:incremental (221 packages loaded, 2185 targets configured)

Analyzing: target //docs:incremental (221 packages loaded, 2185 targets configured)

Analyzing: target //docs:incremental (221 packages loaded, 2185 targets configured)

Analyzing: target //docs:incremental (221 packages loaded, 2185 targets configured)

Analyzing: target //docs:incremental (221 packages loaded, 2185 targets configured)

Analyzing: target //docs:incremental (221 packages loaded, 2185 targets configured)

Analyzing: target //docs:incremental (221 packages loaded, 2185 targets configured)

Analyzing: target //docs:incremental (221 packages loaded, 2185 targets configured)

Analyzing: target //docs:incremental (221 packages loaded, 2185 targets configured)

Analyzing: target //docs:incremental (221 packages loaded, 2185 targets configured)

Analyzing: target //docs:incremental (221 packages loaded, 2185 targets configured)

Analyzing: target //docs:incremental (221 packages loaded, 2185 targets configured)

Analyzing: target //docs:incremental (221 packages loaded, 2185 targets configured)

Analyzing: target //docs:incremental (221 packages loaded, 2185 targets configured)

Analyzing: target //docs:incremental (221 packages loaded, 2185 targets configured)

Analyzing: target //docs:incremental (221 packages loaded, 2185 targets configured)

Analyzing: target //docs:incremental (221 packages loaded, 2185 targets configured)

Analyzing: target //docs:incremental (221 packages loaded, 2185 targets configured)

Analyzing: target //docs:incremental (221 packages loaded, 2185 targets configured)

Analyzing: target //docs:incremental (221 packages loaded, 2185 targets configured)

Analyzing: target //docs:incremental (221 packages loaded, 2185 targets configured)

Analyzing: target //docs:incremental (221 packages loaded, 2185 targets configured)

Analyzing: target //docs:incremental (221 packages loaded, 2185 targets configured)

Analyzing: target //docs:incremental (221 packages loaded, 2185 targets configured)

Analyzing: target //docs:incremental (221 packages loaded, 2185 targets configured)

Analyzing: target //docs:incremental (221 packages loaded, 2185 targets configured)

Analyzing: target //docs:incremental (221 packages loaded, 2185 targets configured)

Analyzing: target //docs:incremental (221 packages loaded, 2185 targets configured)

Analyzing: target //docs:incremental (221 packages loaded, 2185 targets configured)

Analyzing: target //docs:incremental (221 packages loaded, 2185 targets configured)

Analyzing: target //docs:incremental (221 packages loaded, 2185 targets configured)

Analyzing: target //docs:incremental (221 packages loaded, 2185 targets configured)

Analyzing: target //docs:incremental (221 packages loaded, 2185 targets configured)

Analyzing: target //docs:incremental (221 packages loaded, 2185 targets configured)

Analyzing: target //docs:incremental (221 packages loaded, 2185 targets configured)

Analyzing: target //docs:incremental (221 packages loaded, 2185 targets configured)

Analyzing: target //docs:incremental (221 packages loaded, 2185 targets configured)

Analyzing: target //docs:incremental (221 packages loaded, 2185 targets configured)

Analyzing: target //docs:incremental (221 packages loaded, 2185 targets configured)

Analyzing: target //docs:incremental (221 packages loaded, 2185 targets configured)

Analyzing: target //docs:incremental (221 packages loaded, 2185 targets configured)

Analyzing: target //docs:incremental (221 packages loaded, 2185 targets configured)

Analyzing: target //docs:incremental (221 packages loaded, 2185 targets configured)

Analyzing: target //docs:incremental (221 packages loaded, 2185 targets configured)

Analyzing: target //docs:incremental (221 packages loaded, 2185 targets configured)

Analyzing: target //docs:incremental (221 packages loaded, 2185 targets configured)

Analyzing: target //docs:incremental (221 packages loaded, 2185 targets configured)

Analyzing: target //docs:incremental (221 packages loaded, 2185 targets configured)

Analyzing: target //docs:incremental (221 packages loaded, 2185 targets configured)

Analyzing: target //docs:incremental (221 packages loaded, 2185 targets configured)

Analyzing: target //docs:incremental (221 packages loaded, 2185 targets configured)

Analyzing: target //docs:incremental (221 packages loaded, 2185 targets configured)

Analyzing: target //docs:incremental (221 packages loaded, 2185 targets configured)

Analyzing: target //docs:incremental (221 packages loaded, 2185 targets configured)

Analyzing: target //docs:incremental (221 packages loaded, 2185 targets configured)

Analyzing: target //docs:incremental (221 packages loaded, 2185 targets configured)

Analyzing: target //docs:incremental (221 packages loaded, 2185 targets configured)

Analyzing: target //docs:incremental (221 packages loaded, 2185 targets configured)

Analyzing: target //docs:incremental (221 packages loaded, 2185 targets configured)

Analyzing: target //docs:incremental (221 packages loaded, 2185 targets configured)

Analyzing: target //docs:incremental (221 packages loaded, 2185 targets configured)

Analyzing: target //docs:incremental (221 packages loaded, 2185 targets configured)

Analyzing: target //docs:incremental (221 packages loaded, 2185 targets configured)

Analyzing: target //docs:incremental (221 packages loaded, 2185 targets configured)

Analyzing: target //docs:incremental (221 packages loaded, 2185 targets configured)

Analyzing: target //docs:incremental (221 packages loaded, 2185 targets configured)

Analyzing: target //docs:incremental (221 packages loaded, 2185 targets configured)

Analyzing: target //docs:incremental (221 packages loaded, 2185 targets configured)

Analyzing: target //docs:incremental (221 packages loaded, 2185 targets configured)

Analyzing: target //docs:incremental (221 packages loaded, 2185 targets configured)

Analyzing: target //docs:incremental (221 packages loaded, 2185 targets configured)

Analyzing: target //docs:incremental (221 packages loaded, 2185 targets configured)

Analyzing: target //docs:incremental (221 packages loaded, 2185 targets configured)

Analyzing: target //docs:incremental (221 packages loaded, 2185 targets configured)

Analyzing: target //docs:incremental (221 packages loaded, 2185 targets configured)

Analyzing: target //docs:incremental (221 packages loaded, 2185 targets configured)

Analyzing: target //docs:incremental (221 packages loaded, 2185 targets configured)

Analyzing: target //docs:incremental (221 packages loaded, 2185 targets configured)

Analyzing: target //docs:incremental (221 packages loaded, 2185 targets configured)

Analyzing: target //docs:incremental (221 packages loaded, 2185 targets configured)

Analyzing: target //docs:incremental (221 packages loaded, 2185 targets configured)

Analyzing: target //docs:incremental (221 packages loaded, 2185 targets configured)

Analyzing: target //docs:incremental (221 packages loaded, 2185 targets configured)

Analyzing: target //docs:incremental (221 packages loaded, 2185 targets configured)

Analyzing: target //docs:incremental (221 packages loaded, 2185 targets configured)

Analyzing: target //docs:incremental (221 packages loaded, 2185 targets configured)

Analyzing: target //docs:incremental (221 packages loaded, 2185 targets configured)

Analyzing: target //docs:incremental (221 packages loaded, 2185 targets configured)

Analyzing: target //docs:incremental (221 packages loaded, 2185 targets configured)

Analyzing: target //docs:incremental (221 packages loaded, 2185 targets configured)

Analyzing: target //docs:incremental (221 packages loaded, 2185 targets configured)

Analyzing: target //docs:incremental (221 packages loaded, 2185 targets configured)

Analyzing: target //docs:incremental (221 packages loaded, 2185 targets configured)

Analyzing: target //docs:incremental (221 packages loaded, 2185 targets configured)

Analyzing: target //docs:incremental (221 packages loaded, 2185 targets configured)

Analyzing: target //docs:incremental (221 packages loaded, 2185 targets configured)

Analyzing: target //docs:incremental (221 packages loaded, 2185 targets configured)

Analyzing: target //docs:incremental (221 packages loaded, 2185 targets configured)

Analyzing: target //docs:incremental (221 packages loaded, 2185 targets configured)

Analyzing: target //docs:incremental (221 packages loaded, 2185 targets configured)

Analyzing: target //docs:incremental (221 packages loaded, 2185 targets configured)

Analyzing: target //docs:incremental (221 packages loaded, 2185 targets configured)

Analyzing: target //docs:incremental (221 packages loaded, 2185 targets configured)

Analyzing: target //docs:incremental (221 packages loaded, 2185 targets configured)

Analyzing: target //docs:incremental (221 packages loaded, 2185 targets configured)

Analyzing: target //docs:incremental (221 packages loaded, 2185 targets configured)

Analyzing: target //docs:incremental (221 packages loaded, 2185 targets configured)

Analyzing: target //docs:incremental (221 packages loaded, 2185 targets configured)

Analyzing: target //docs:incremental (221 packages loaded, 2185 targets configured)

Analyzing: target //docs:incremental (221 packages loaded, 2185 targets configured)

Analyzing: target //docs:incremental (221 packages loaded, 2185 targets configured)

Analyzing: target //docs:incremental (221 packages loaded, 2185 targets configured)

Analyzing: target //docs:incremental (221 packages loaded, 2185 targets configured)

Analyzing: target //docs:incremental (221 packages loaded, 2185 targets configured)

Analyzing: target //docs:incremental (221 packages loaded, 2185 targets configured)

Analyzing: target //docs:incremental (221 packages loaded, 2185 targets configured)

Analyzing: target //docs:incremental (221 packages loaded, 2185 targets configured)

Analyzing: target //docs:incremental (221 packages loaded, 2185 targets configured)

Analyzing: target //docs:incremental (221 packages loaded, 2185 targets configured)

Analyzing: target //docs:incremental (221 packages loaded, 2185 targets configured)

Analyzing: target //docs:incremental (221 packages loaded, 2185 targets configured)

Analyzing: target //docs:incremental (221 packages loaded, 2185 targets configured)

Analyzing: target //docs:incremental (221 packages loaded, 2185 targets configured)

Analyzing: target //docs:incremental (221 packages loaded, 2185 targets configured)

Analyzing: target //docs:incremental (221 packages loaded, 2185 targets configured)

Analyzing: target //docs:incremental (221 packages loaded, 2185 targets configured)

Analyzing: target //docs:incremental (221 packages loaded, 2185 targets configured)

Analyzing: target //docs:incremental (221 packages loaded, 2185 targets configured)

Analyzing: target //docs:incremental (221 packages loaded, 2185 targets configured)

Analyzing: target //docs:incremental (221 packages loaded, 2185 targets configured)

Analyzing: target //docs:incremental (221 packages loaded, 2185 targets configured)

Analyzing: target //docs:incremental (221 packages loaded, 2185 targets configured)

Analyzing: target //docs:incremental (221 packages loaded, 2185 targets configured)

Analyzing: target //docs:incremental (221 packages loaded, 2185 targets configured)

Analyzing: target //docs:incremental (221 packages loaded, 2185 targets configured)

Analyzing: target //docs:incremental (221 packages loaded, 2185 targets configured)

Analyzing: target //docs:incremental (221 packages loaded, 2185 targets configured)

Analyzing: target //docs:incremental (221 packages loaded, 2185 targets configured)

Analyzing: target //docs:incremental (221 packages loaded, 2185 targets configured)

Analyzing: target //docs:incremental (221 packages loaded, 2185 targets configured)

Analyzing: target //docs:incremental (221 packages loaded, 2185 targets configured)

Analyzing: target //docs:incremental (221 packages loaded, 2185 targets configured)

Analyzing: target //docs:incremental (221 packages loaded, 2185 targets configured)

Analyzing: target //docs:incremental (221 packages loaded, 2185 targets configured)

Analyzing: target //docs:incremental (221 packages loaded, 2185 targets configured)

Analyzing: target //docs:incremental (221 packages loaded, 2185 targets configured)

Analyzing: target //docs:incremental (221 packages loaded, 2185 targets configured)

Analyzing: target //docs:incremental (221 packages loaded, 2185 targets configured)

Analyzing: target //docs:incremental (221 packages loaded, 2185 targets configured)

Analyzing: target //docs:incremental (221 packages loaded, 2185 targets configured)

Analyzing: target //docs:incremental (221 packages loaded, 2185 targets configured)

Analyzing: target //docs:incremental (221 packages loaded, 2185 targets configured)

Analyzing: target //docs:incremental (221 packages loaded, 2185 targets configured)

Analyzing: target //docs:incremental (221 packages loaded, 2185 targets configured)

Analyzing: target //docs:incremental (221 packages loaded, 2185 targets configured)

Analyzing: target //docs:incremental (221 packages loaded, 2185 targets configured)

Analyzing: target //docs:incremental (221 packages loaded, 2185 targets configured)

Analyzing: target //docs:incremental (221 packages loaded, 2185 targets configured)

Analyzing: target //docs:incremental (221 packages loaded, 2185 targets configured)

Analyzing: target //docs:incremental (221 packages loaded, 2185 targets configured)

Analyzing: target //docs:incremental (221 packages loaded, 2185 targets configured)

Analyzing: target //docs:incremental (221 packages loaded, 2185 targets configured)

Analyzing: target //docs:incremental (221 packages loaded, 2185 targets configured)

Analyzing: target //docs:incremental (221 packages loaded, 2185 targets configured)

Analyzing: target //docs:incremental (221 packages loaded, 2185 targets configured)

Analyzing: target //docs:incremental (221 packages loaded, 2185 targets configured)

Analyzing: target //docs:incremental (221 packages loaded, 2185 targets configured)

Analyzing: target //docs:incremental (221 packages loaded, 2185 targets configured)

Analyzing: target //docs:incremental (221 packages loaded, 2185 targets configured)

Analyzing: target //docs:incremental (221 packages loaded, 2185 targets configured)

Analyzing: target //docs:incremental (221 packages loaded, 2185 targets configured)

Analyzing: target //docs:incremental (221 packages loaded, 2185 targets configured)

Analyzing: target //docs:incremental (221 packages loaded, 2185 targets configured)

Analyzing: target //docs:incremental (221 packages loaded, 2185 targets configured)

Analyzing: target //docs:incremental (221 packages loaded, 2185 targets configured)

Analyzing: target //docs:incremental (221 packages loaded, 2185 targets configured)

Analyzing: target //docs:incremental (221 packages loaded, 2185 targets configured)

Analyzing: target //docs:incremental (221 packages loaded, 2185 targets configured)

Analyzing: target //docs:incremental (221 packages loaded, 2185 targets configured)

Analyzing: target //docs:incremental (221 packages loaded, 2185 targets configured)

Analyzing: target //docs:incremental (221 packages loaded, 2185 targets configured)

Analyzing: target //docs:incremental (221 packages loaded, 2185 targets configured)

Analyzing: target //docs:incremental (221 packages loaded, 2185 targets configured)

Analyzing: target //docs:incremental (221 packages loaded, 2185 targets configured)

Analyzing: target //docs:incremental (221 packages loaded, 2185 targets configured)

Analyzing: target //docs:incremental (221 packages loaded, 2185 targets configured)

Analyzing: target //docs:incremental (221 packages loaded, 2185 targets configured)

Analyzing: target //docs:incremental (221 packages loaded, 2185 targets configured)

Analyzing: target //docs:incremental (221 packages loaded, 2185 targets configured)

Analyzing: target //docs:incremental (221 packages loaded, 2185 targets configured)

Analyzing: target //docs:incremental (221 packages loaded, 2185 targets configured)

Analyzing: target //docs:incremental (221 packages loaded, 2185 targets configured)

Analyzing: target //docs:incremental (221 packages loaded, 2185 targets configured)

Analyzing: target //docs:incremental (221 packages loaded, 2185 targets configured)

Analyzing: target //docs:incremental (221 packages loaded, 2185 targets configured)

Analyzing: target //docs:incremental (221 packages loaded, 2185 targets configured)

Analyzing: target //docs:incremental (221 packages loaded, 2185 targets configured)

Analyzing: target //docs:incremental (221 packages loaded, 2185 targets configured)

Analyzing: target //docs:incremental (221 packages loaded, 2185 targets configured)

Analyzing: target //docs:incremental (221 packages loaded, 2185 targets configured)

Analyzing: target //docs:incremental (221 packages loaded, 2185 targets configured)

Analyzing: target //docs:incremental (221 packages loaded, 2185 targets configured)

Analyzing: target //docs:incremental (221 packages loaded, 2185 targets configured)

Analyzing: target //docs:incremental (221 packages loaded, 2185 targets configured)

Analyzing: target //docs:incremental (221 packages loaded, 2185 targets configured)

Analyzing: target //docs:incremental (221 packages loaded, 2185 targets configured)

Analyzing: target //docs:incremental (221 packages loaded, 2185 targets configured)

Analyzing: target //docs:incremental (221 packages loaded, 2185 targets configured)

Analyzing: target //docs:incremental (221 packages loaded, 2185 targets configured)

Analyzing: target //docs:incremental (221 packages loaded, 2185 targets configured)

Analyzing: target //docs:incremental (221 packages loaded, 2185 targets configured)

Analyzing: target //docs:incremental (221 packages loaded, 2185 targets configured)

Analyzing: target //docs:incremental (221 packages loaded, 2185 targets configured)

Analyzing: target //docs:incremental (221 packages loaded, 2185 targets configured)

Analyzing: target //docs:incremental (221 packages loaded, 2185 targets configured)

Analyzing: target //docs:incremental (221 packages loaded, 2185 targets configured)

Analyzing: target //docs:incremental (221 packages loaded, 2185 targets configured)

Analyzing: target //docs:incremental (221 packages loaded, 2185 targets configured)

Analyzing: target //docs:incremental (221 packages loaded, 2185 targets configured)

Analyzing: target //docs:incremental (221 packages loaded, 2185 targets configured)

Analyzing: target //docs:incremental (221 packages loaded, 2185 targets configured)

Analyzing: target //docs:incremental (221 packages loaded, 2185 targets configured)

Analyzing: target //docs:incremental (221 packages loaded, 2185 targets configured)

Analyzing: target //docs:incremental (221 packages loaded, 2185 targets configured)

Analyzing: target //docs:incremental (221 packages loaded, 2185 targets configured)

Analyzing: target //docs:incremental (221 packages loaded, 2185 targets configured)

Analyzing: target //docs:incremental (221 packages loaded, 2185 targets configured)

Analyzing: target //docs:incremental (221 packages loaded, 2185 targets configured)

Analyzing: target //docs:incremental (221 packages loaded, 2185 targets configured)

Analyzing: target //docs:incremental (221 packages loaded, 2185 targets configured)

Analyzing: target //docs:incremental (221 packages loaded, 2185 targets configured)

Analyzing: target //docs:incremental (221 packages loaded, 2185 targets configured)

Analyzing: target //docs:incremental (221 packages loaded, 2185 targets configured)

Analyzing: target //docs:incremental (221 packages loaded, 2185 targets configured)

Analyzing: target //docs:incremental (221 packages loaded, 2185 targets configured)

Analyzing: target //docs:incremental (221 packages loaded, 2185 targets configured)

Analyzing: target //docs:incremental (221 packages loaded, 2185 targets configured)

Analyzing: target //docs:incremental (221 packages loaded, 2185 targets configured)

Analyzing: target //docs:incremental (221 packages loaded, 2185 targets configured)

Analyzing: target //docs:incremental (221 packages loaded, 2185 targets configured)

Analyzing: target //docs:incremental (221 packages loaded, 2185 targets configured)

Analyzing: target //docs:incremental (221 packages loaded, 2185 targets configured)

Analyzing: target //docs:incremental (221 packages loaded, 2185 targets configured)

Analyzing: target //docs:incremental (221 packages loaded, 2185 targets configured)

Analyzing: target //docs:incremental (221 packages loaded, 2185 targets configured)

Analyzing: target //docs:incremental (221 packages loaded, 2185 targets configured)

Analyzing: target //docs:incremental (221 packages loaded, 2185 targets configured)

Analyzing: target //docs:incremental (221 packages loaded, 2185 targets configured)

Analyzing: target //docs:incremental (221 packages loaded, 2185 targets configured)

Analyzing: target //docs:incremental (221 packages loaded, 2185 targets configured)

Analyzing: target //docs:incremental (221 packages loaded, 2185 targets configured)

Analyzing: target //docs:incremental (221 packages loaded, 2185 targets configured)

Analyzing: target //docs:incremental (221 packages loaded, 2185 targets configured)

Analyzing: target //docs:incremental (221 packages loaded, 2185 targets configured)

Analyzing: target //docs:incremental (221 packages loaded, 2185 targets configured)

Analyzing: target //docs:incremental (221 packages loaded, 2185 targets configured)

Analyzing: target //docs:incremental (221 packages loaded, 2185 targets configured)

Analyzing: target //docs:incremental (221 packages loaded, 2185 targets configured)

Analyzing: target //docs:incremental (221 packages loaded, 2185 targets configured)

Analyzing: target //docs:incremental (221 packages loaded, 2185 targets configured)

Analyzing: target //docs:incremental (221 packages loaded, 2185 targets configured)

Analyzing: target //docs:incremental (221 packages loaded, 2185 targets configured)

Analyzing: target //docs:incremental (221 packages loaded, 2185 targets configured)

Analyzing: target //docs:incremental (221 packages loaded, 2185 targets configured)

Analyzing: target //docs:incremental (221 packages loaded, 2185 targets configured)

Analyzing: target //docs:incremental (221 packages loaded, 2185 targets configured)

Analyzing: target //docs:incremental (221 packages loaded, 2185 targets configured)

Analyzing: target //docs:incremental (221 packages loaded, 2185 targets configured)

Analyzing: target //docs:incremental (221 packages loaded, 2185 targets configured)

Analyzing: target //docs:incremental (221 packages loaded, 2185 targets configured)

Analyzing: target //docs:incremental (221 packages loaded, 2185 targets configured)

Analyzing: target //docs:incremental (221 packages loaded, 2185 targets configured)

Analyzing: target //docs:incremental (221 packages loaded, 2185 targets configured)

Analyzing: target //docs:incremental (221 packages loaded, 2185 targets configured)

Analyzing: target //docs:incremental (221 packages loaded, 2185 targets configured)

Analyzing: target //docs:incremental (221 packages loaded, 2185 targets configured)

Analyzing: target //docs:incremental (221 packages loaded, 2185 targets configured)

Analyzing: target //docs:incremental (221 packages loaded, 2185 targets configured)

Analyzing: target //docs:incremental (221 packages loaded, 2185 targets configured)

Analyzing: target //docs:incremental (221 packages loaded, 2185 targets configured)

Analyzing: target //docs:incremental (221 packages loaded, 2185 targets configured)

WARNING: Download from https://github.com/plantuml/plantuml/releases/download/v1.2025.0/plantuml-1.2025.0.jar failed: class java.io.IOException GET returned 618 jwt:expired
INFO: Repository score_docs_as_code++_repo_rules+plantuml instantiated at:
  <builtin>: in <toplevel>
Repository rule http_jar defined at:
  /home/developer/.cache/bazel/_bazel_developer/5104f35ccc41f299e626276e2ef01217/external/bazel_tools/tools/build_defs/repo/http.bzl:546:27: in <toplevel>
ERROR: /home/developer/.cache/bazel/_bazel_developer/5104f35ccc41f299e626276e2ef01217/external/bazel_tools/tools/build_defs/repo/http.bzl:216:33: An error occurred during the fetch of repository 'score_docs_as_code++_repo_rules+plantuml':
   Traceback (most recent call last):
	File "/home/developer/.cache/bazel/_bazel_developer/5104f35ccc41f299e626276e2ef01217/external/bazel_tools/tools/build_defs/repo/http.bzl", line 216, column 33, in _http_jar_impl
		download_info = ctx.download(
Error in download: java.io.IOException: Error downloading [https://github.com/plantuml/plantuml/releases/download/v1.2025.0/plantuml-1.2025.0.jar] to /home/developer/.cache/bazel/_bazel_developer/5104f35ccc41f299e626276e2ef01217/external/score_docs_as_code++_repo_rules+plantuml/jar/downloaded.jar: GET returned 618 jwt:expired
ERROR: no such package '@@score_docs_as_code++_repo_rules+plantuml//jar': java.io.IOException: Error downloading [https://github.com/plantuml/plantuml/releases/download/v1.2025.0/plantuml-1.2025.0.jar] to /home/developer/.cache/bazel/_bazel_developer/5104f35ccc41f299e626276e2ef01217/external/score_docs_as_code++_repo_rules+plantuml/jar/downloaded.jar: GET returned 618 jwt:expired
ERROR: /home/developer/.cache/bazel/_bazel_developer/5104f35ccc41f299e626276e2ef01217/external/score_docs_as_code+/src/BUILD:48:12: @@score_docs_as_code+//src:plantuml depends on @@score_docs_as_code++_repo_rules+plantuml//jar:jar in repository @@score_docs_as_code++_repo_rules+plantuml which failed to fetch. no such package '@@score_docs_as_code++_repo_rules+plantuml//jar': java.io.IOException: Error downloading [https://github.com/plantuml/plantuml/releases/download/v1.2025.0/plantuml-1.2025.0.jar] to /home/developer/.cache/bazel/_bazel_developer/5104f35ccc41f299e626276e2ef01217/external/score_docs_as_code++_repo_rules+plantuml/jar/downloaded.jar: GET returned 618 jwt:expired
ERROR: Analysis of target '//docs:incremental' failed; build aborted: Analysis failed
INFO: Elapsed time: 537.768s, Critical Path: 0.04s
INFO: 1 process: 1 internal.
ERROR: Build did NOT complete successfully
FAILED: 
ERROR: Build failed. Not running target
Serving HTTP on 0.0.0.0 port 8000 (http://0.0.0.0:8000/) ...

Keyboard interrupt received, exiting.
